C:\USERS\PICO\DOCUMENTS\VISUAL STUDIO 2010\PROJECTS\PICOGAME\DEBUG\PICOGAME.EXE
C:\Users\Pico\Documents\Visual Studio 2010\Projects\picogame\Debug\picogame.exp
C:\USERS\PICO\DOCUMENTS\VISUAL STUDIO 2010\PROJECTS\PICOGAME\DEBUG\PICOGAME.ILK
C:\Users\Pico\Documents\Visual Studio 2010\Projects\picogame\Debug\picogame.lib
C:\USERS\PICO\DOCUMENTS\VISUAL STUDIO 2010\PROJECTS\PICOGAME\DEBUG\PICOGAME.PDB
C:\USERS\PICO\DOCUMENTS\VISUAL STUDIO 2010\PROJECTS\PICOGAME\PICOGAME\DEBUG\ACTOR.OBJ
C:\USERS\PICO\DOCUMENTS\VISUAL STUDIO 2010\PROJECTS\PICOGAME\PICOGAME\DEBUG\ACTORDEF.OBJ
C:\USERS\PICO\DOCUMENTS\VISUAL STUDIO 2010\PROJECTS\PICOGAME\PICOGAME\DEBUG\CELL.OBJ
C:\Users\Pico\documents\visual studio 2010\Projects\picogame\picogame\Debug\cl.command.1.tlog
C:\Users\Pico\documents\visual studio 2010\Projects\picogame\picogame\Debug\CL.read.1.tlog
C:\Users\Pico\documents\visual studio 2010\Projects\picogame\picogame\Debug\CL.write.1.tlog
C:\USERS\PICO\DOCUMENTS\VISUAL STUDIO 2010\PROJECTS\PICOGAME\PICOGAME\DEBUG\CONSOLE.OBJ
C:\USERS\PICO\DOCUMENTS\VISUAL STUDIO 2010\PROJECTS\PICOGAME\PICOGAME\DEBUG\DICE.OBJ
C:\Users\Pico\documents\visual studio 2010\Projects\picogame\picogame\Debug\link.2196.read.1.tlog
C:\Users\Pico\documents\visual studio 2010\Projects\picogame\picogame\Debug\link.2196.write.1.tlog
C:\Users\Pico\documents\visual studio 2010\Projects\picogame\picogame\Debug\link.4356.read.1.tlog
C:\Users\Pico\documents\visual studio 2010\Projects\picogame\picogame\Debug\link.4356.write.1.tlog
C:\Users\Pico\documents\visual studio 2010\Projects\picogame\picogame\Debug\link.command.1.tlog
C:\Users\Pico\documents\visual studio 2010\Projects\picogame\picogame\Debug\link.read.1.tlog
C:\Users\Pico\documents\visual studio 2010\Projects\picogame\picogame\Debug\link.write.1.tlog
C:\USERS\PICO\DOCUMENTS\VISUAL STUDIO 2010\PROJECTS\PICOGAME\PICOGAME\DEBUG\MAIN.OBJ
C:\Users\Pico\documents\visual studio 2010\Projects\picogame\picogame\Debug\mt.command.1.tlog
C:\Users\Pico\documents\visual studio 2010\Projects\picogame\picogame\Debug\mt.read.1.tlog
C:\Users\Pico\documents\visual studio 2010\Projects\picogame\picogame\Debug\mt.write.1.tlog
C:\USERS\PICO\DOCUMENTS\VISUAL STUDIO 2010\PROJECTS\PICOGAME\PICOGAME\DEBUG\PICKUP.OBJ
C:\USERS\PICO\DOCUMENTS\VISUAL STUDIO 2010\PROJECTS\PICOGAME\PICOGAME\DEBUG\PICKUPDEF.OBJ
C:\USERS\PICO\DOCUMENTS\VISUAL STUDIO 2010\PROJECTS\PICOGAME\PICOGAME\DEBUG\PICOGAME.EXE.INTERMEDIATE.MANIFEST
C:\Users\Pico\documents\visual studio 2010\Projects\picogame\picogame\Debug\picogame.vcxprojResolveAssemblyReference.cache
C:\Users\Pico\documents\visual studio 2010\Projects\picogame\picogame\Debug\picogame.write.1.tlog
C:\USERS\PICO\DOCUMENTS\VISUAL STUDIO 2010\PROJECTS\PICOGAME\PICOGAME\DEBUG\PLAYER.OBJ
C:\USERS\PICO\DOCUMENTS\VISUAL STUDIO 2010\PROJECTS\PICOGAME\PICOGAME\DEBUG\SHOP.OBJ
C:\USERS\PICO\DOCUMENTS\VISUAL STUDIO 2010\PROJECTS\PICOGAME\PICOGAME\DEBUG\SOUND.OBJ
C:\USERS\PICO\DOCUMENTS\VISUAL STUDIO 2010\PROJECTS\PICOGAME\PICOGAME\DEBUG\TILESET.OBJ
C:\Users\Pico\documents\visual studio 2010\Projects\picogame\picogame\Debug\vc100.idb
C:\USERS\PICO\DOCUMENTS\VISUAL STUDIO 2010\PROJECTS\PICOGAME\PICOGAME\DEBUG\VC100.PDB
C:\USERS\PICO\DOCUMENTS\VISUAL STUDIO 2010\PROJECTS\PICOGAME\PICOGAME\DEBUG\WORLD.OBJ
